<?xml version="1.0" encoding="UTF-8"?>
<!-- Generated by org.testng.reporters.JUnitReportReporter -->
<testsuite hostname="SHIBARAM" failures="0" tests="1" name="TestScriptsClass.TestBaseClass" time="8.551" errors="0" timestamp="2022-12-10T16:26:42 IST" skipped="0">
  <testcase classname="TestScriptsClass.TestBaseClass" name="callbrowserdriver" time="8.551"/>
  <system-out/>
</testsuite> <!-- TestScriptsClass.TestBaseClass -->
