<?xml version="1.0" encoding="UTF-8"?>
<!-- Generated by org.testng.reporters.JUnitReportReporter -->
<testsuite hostname="SHIBARAM" failures="0" tests="1" name="TestScriptsClass.TestBaseClass" time="7.203" errors="0" timestamp="2022-12-10T16:27:00 IST" skipped="0">
  <testcase classname="TestScriptsClass.TestBaseClass" name="callbrowserdriver" time="7.203"/>
  <system-out/>
</testsuite> <!-- TestScriptsClass.TestBaseClass -->
